Fold 0
Naive Bayes Add-One Smoothing

bass.1000015 bass%music
bass.1000014 bass%music
bass.1000008 bass%music
bass.1000009 bass%music
bass.1000011 bass%music
bass.1000010 bass%music
bass.1000013 bass%music
bass.1000012 bass%music
bass.1000002 bass%music
bass.1000003 bass%music
bass.1000000 bass%music
bass.1000001 bass%music
bass.1000006 bass%music
bass.1000007 bass%music
bass.1000004 bass%music
bass.1000005 bass%music
bass.1000020 bass%music
bass.1000016 bass%music
bass.1000017 bass%music
bass.1000018 bass%music
bass.1000019 bass%music

Accuracy: 76.1904761905%

Fold 1
Naive Bayes Add-One Smoothing

bass.1000039 bass%music
bass.1000038 bass%music
bass.1000037 bass%music
bass.1000036 bass%music
bass.1000035 bass%music
bass.1000034 bass%music
bass.1000033 bass%music
bass.1000032 bass%music
bass.1000031 bass%music
bass.1000030 bass%music
bass.1000042 bass%music
bass.1000040 bass%music
bass.1000041 bass%music
bass.1000028 bass%music
bass.1000029 bass%music
bass.1000024 bass%music
bass.1000025 bass%music
bass.1000026 bass%music
bass.1000027 bass%music
bass.1000021 bass%music
bass.1000022 bass%music
bass.1000023 bass%music

Accuracy: 90.9090909091%

Fold 2
Naive Bayes Add-One Smoothing

bass.1000059 bass%music
bass.1000058 bass%music
bass.1000051 bass%music
bass.1000050 bass%music
bass.1000053 bass%music
bass.1000052 bass%music
bass.1000055 bass%music
bass.1000054 bass%music
bass.1000057 bass%music
bass.1000056 bass%music
bass.1000048 bass%music
bass.1000049 bass%music
bass.1000046 bass%music
bass.1000047 bass%music
bass.1000044 bass%music
bass.1000045 bass%music
bass.1000043 bass%music
bass.1000060 bass%music
bass.1000061 bass%music
bass.1000062 bass%music
bass.1000063 bass%music
bass.1000064 bass%music

Accuracy: 95.4545454545%

Fold 3
Naive Bayes Add-One Smoothing

bass.1000073 bass%music
bass.1000072 bass%music
bass.1000071 bass%music
bass.1000070 bass%music
bass.1000077 bass%music
bass.1000076 bass%music
bass.1000075 bass%music
bass.1000074 bass%music
bass.1000079 bass%music
bass.1000078 bass%music
bass.1000082 bass%music
bass.1000083 bass%music
bass.1000080 bass%music
bass.1000081 bass%music
bass.1000086 bass%music
bass.1000084 bass%music
bass.1000085 bass%music
bass.1000065 bass%music
bass.1000066 bass%music
bass.1000067 bass%music
bass.1000068 bass%music
bass.1000069 bass%music

Accuracy: 95.4545454545%

Fold 4
Naive Bayes Add-One Smoothing

bass.1000103 bass%music
bass.1000102 bass%music
bass.1000101 bass%music
bass.1000100 bass%music
bass.1000099 bass%music
bass.1000098 bass%music
bass.1000105 bass%music
bass.1000104 bass%music
bass.1000095 bass%music
bass.1000094 bass%music
bass.1000097 bass%music
bass.1000096 bass%music
bass.1000091 bass%music
bass.1000090 bass%music
bass.1000093 bass%music
bass.1000092 bass%music
bass.1000087 bass%music
bass.1000088 bass%music
bass.1000089 bass%music
bass.1000106 bass%music

Accuracy: 95.0%


Average Accuracy: 90.6017316017%
