Fold 0
Naive Bayes Add-One Smoothing

crane.1000005 crane%machine
crane.1000004 crane%machine
crane.1000007 crane%machine
crane.1000006 crane%machine
crane.1000001 crane%machine
crane.1000000 crane%machine
crane.1000003 crane%machine
crane.1000002 crane%machine
crane.1000011 crane%machine
crane.1000009 crane%machine
crane.1000008 crane%machine
crane.1000018 crane%machine
crane.1000016 crane%machine
crane.1000017 crane%machine
crane.1000015 crane%machine
crane.1000010 crane%machine
crane.1000012 crane%machine
crane.1000014 crane%machine
crane.1000013 crane%machine

Accuracy: 68.4210526316%

Fold 1
Naive Bayes Add-One Smoothing

crane.1000023 crane%machine
crane.1000022 crane%machine
crane.1000021 crane%bird
crane.1000020 crane%bird
crane.1000027 crane%bird
crane.1000026 crane%bird
crane.1000025 crane%machine
crane.1000024 crane%machine
crane.1000029 crane%machine
crane.1000028 crane%machine
crane.1000019 crane%machine
crane.1000038 crane%machine
crane.1000034 crane%machine
crane.1000035 crane%machine
crane.1000036 crane%machine
crane.1000037 crane%machine
crane.1000030 crane%machine
crane.1000031 crane%machine
crane.1000032 crane%machine
crane.1000033 crane%machine

Accuracy: 85.0%

Fold 2
Naive Bayes Add-One Smoothing

crane.1000050 crane%machine
crane.1000051 crane%machine
crane.1000055 crane%machine
crane.1000052 crane%machine
crane.1000054 crane%machine
crane.1000056 crane%machine
crane.1000057 crane%machine
crane.1000049 crane%machine
crane.1000048 crane%machine
crane.1000058 crane%machine
crane.1000039 crane%machine
crane.1000053 crane%machine
crane.1000041 crane%machine
crane.1000040 crane%machine
crane.1000043 crane%machine
crane.1000042 crane%machine
crane.1000045 crane%machine
crane.1000044 crane%machine
crane.1000047 crane%machine
crane.1000046 crane%machine

Accuracy: 75.0%

Fold 3
Naive Bayes Add-One Smoothing

crane.1000074 crane%machine
crane.1000067 crane%machine
crane.1000076 crane%machine
crane.1000071 crane%machine
crane.1000077 crane%machine
crane.1000062 crane%machine
crane.1000072 crane%machine
crane.1000059 crane%machine
crane.1000066 crane%machine
crane.1000065 crane%machine
crane.1000064 crane%machine
crane.1000073 crane%machine
crane.1000075 crane%machine
crane.1000061 crane%machine
crane.1000060 crane%machine
crane.1000078 crane%machine
crane.1000063 crane%machine
crane.1000070 crane%machine
crane.1000069 crane%machine
crane.1000068 crane%machine

Accuracy: 80.0%

Fold 4
Naive Bayes Add-One Smoothing

crane.1000091 crane%machine
crane.1000090 crane%machine
crane.1000092 crane%machine
crane.1000094 crane%machine
crane.1000093 crane%machine
crane.1000089 crane%machine
crane.1000088 crane%machine
crane.1000084 crane%machine
crane.1000085 crane%machine
crane.1000079 crane%machine
crane.1000087 crane%machine
crane.1000086 crane%machine
crane.1000081 crane%machine
crane.1000080 crane%machine
crane.1000083 crane%machine
crane.1000082 crane%machine

Accuracy: 81.25%


Average Accuracy: 77.9342105263%
