Fold 0
Naive Bayes Add-One Smoothing

motion.1000014 motion%physical
motion.1000015 motion%physical
motion.1000016 motion%physical
motion.1000017 motion%physical
motion.1000010 motion%physical
motion.1000011 motion%physical
motion.1000012 motion%physical
motion.1000013 motion%physical
motion.1000032 motion%physical
motion.1000033 motion%physical
motion.1000030 motion%physical
motion.1000031 motion%physical
motion.1000018 motion%physical
motion.1000019 motion%physical
motion.1000034 motion%physical
motion.1000035 motion%physical
motion.1000039 motion%physical
motion.1000036 motion%physical
motion.1000022 motion%physical
motion.1000023 motion%physical
motion.1000029 motion%physical
motion.1000003 motion%physical
motion.1000002 motion%physical
motion.1000001 motion%physical
motion.1000000 motion%physical
motion.1000007 motion%physical
motion.1000006 motion%physical
motion.1000005 motion%physical
motion.1000004 motion%physical
motion.1000021 motion%physical
motion.1000020 motion%physical
motion.1000009 motion%physical
motion.1000008 motion%physical
motion.1000025 motion%physical
motion.1000024 motion%physical
motion.1000027 motion%physical
motion.1000037 motion%physical
motion.1000026 motion%physical
motion.1000028 motion%physical
motion.1000038 motion%physical

Accuracy: 50.0%

Fold 1
Naive Bayes Add-One Smoothing

motion.1000070 motion%legal
motion.1000071 motion%physical
motion.1000050 motion%physical
motion.1000051 motion%physical
motion.1000052 motion%physical
motion.1000053 motion%physical
motion.1000054 motion%physical
motion.1000055 motion%physical
motion.1000056 motion%physical
motion.1000057 motion%physical
motion.1000058 motion%physical
motion.1000059 motion%physical
motion.1000078 motion%physical
motion.1000079 motion%physical
motion.1000049 motion%physical
motion.1000048 motion%physical
motion.1000047 motion%physical
motion.1000046 motion%physical
motion.1000045 motion%physical
motion.1000044 motion%physical
motion.1000043 motion%physical
motion.1000042 motion%physical
motion.1000041 motion%physical
motion.1000040 motion%physical
motion.1000065 motion%physical
motion.1000064 motion%physical
motion.1000067 motion%physical
motion.1000066 motion%physical
motion.1000061 motion%physical
motion.1000060 motion%physical
motion.1000063 motion%physical
motion.1000062 motion%physical
motion.1000080 motion%physical
motion.1000069 motion%physical
motion.1000068 motion%physical
motion.1000076 motion%physical
motion.1000077 motion%physical
motion.1000074 motion%physical
motion.1000075 motion%physical
motion.1000072 motion%physical
motion.1000073 motion%physical

Accuracy: 58.5365853659%

Fold 2
Naive Bayes Add-One Smoothing

motion.1000119 motion%physical
motion.1000118 motion%physical
motion.1000111 motion%physical
motion.1000110 motion%physical
motion.1000113 motion%physical
motion.1000112 motion%physical
motion.1000115 motion%physical
motion.1000114 motion%physical
motion.1000117 motion%physical
motion.1000116 motion%physical
motion.1000098 motion%physical
motion.1000099 motion%physical
motion.1000094 motion%physical
motion.1000095 motion%physical
motion.1000096 motion%physical
motion.1000097 motion%physical
motion.1000090 motion%physical
motion.1000091 motion%physical
motion.1000092 motion%physical
motion.1000093 motion%physical
motion.1000108 motion%physical
motion.1000109 motion%physical
motion.1000120 motion%physical
motion.1000121 motion%physical
motion.1000102 motion%physical
motion.1000103 motion%physical
motion.1000100 motion%physical
motion.1000101 motion%physical
motion.1000106 motion%physical
motion.1000107 motion%physical
motion.1000104 motion%physical
motion.1000105 motion%physical
motion.1000089 motion%physical
motion.1000088 motion%physical
motion.1000083 motion%physical
motion.1000082 motion%physical
motion.1000081 motion%physical
motion.1000087 motion%physical
motion.1000086 motion%physical
motion.1000085 motion%physical
motion.1000084 motion%physical

Accuracy: 90.243902439%

Fold 3
Naive Bayes Add-One Smoothing

motion.1000133 motion%physical
motion.1000132 motion%physical
motion.1000131 motion%physical
motion.1000130 motion%physical
motion.1000137 motion%physical
motion.1000136 motion%physical
motion.1000135 motion%physical
motion.1000134 motion%physical
motion.1000139 motion%physical
motion.1000138 motion%physical
motion.1000155 motion%physical
motion.1000154 motion%physical
motion.1000157 motion%physical
motion.1000156 motion%physical
motion.1000151 motion%physical
motion.1000150 motion%physical
motion.1000153 motion%physical
motion.1000152 motion%physical
motion.1000159 motion%physical
motion.1000158 motion%physical
motion.1000124 motion%physical
motion.1000125 motion%physical
motion.1000126 motion%physical
motion.1000127 motion%physical
motion.1000122 motion%physical
motion.1000123 motion%physical
motion.1000128 motion%physical
motion.1000129 motion%physical
motion.1000146 motion%physical
motion.1000147 motion%physical
motion.1000144 motion%physical
motion.1000145 motion%physical
motion.1000142 motion%physical
motion.1000143 motion%physical
motion.1000140 motion%physical
motion.1000141 motion%physical
motion.1000148 motion%physical
motion.1000149 motion%physical
motion.1000160 motion%physical
motion.1000161 motion%physical
motion.1000162 motion%physical

Accuracy: 80.487804878%

Fold 4
Naive Bayes Add-One Smoothing

motion.1000179 motion%physical
motion.1000178 motion%physical
motion.1000177 motion%legal
motion.1000176 motion%legal
motion.1000175 motion%legal
motion.1000174 motion%physical
motion.1000173 motion%physical
motion.1000172 motion%physical
motion.1000171 motion%physical
motion.1000170 motion%physical
motion.1000200 motion%physical
motion.1000191 motion%physical
motion.1000190 motion%physical
motion.1000193 motion%physical
motion.1000192 motion%physical
motion.1000195 motion%physical
motion.1000194 motion%physical
motion.1000197 motion%physical
motion.1000196 motion%physical
motion.1000199 motion%physical
motion.1000198 motion%physical
motion.1000163 motion%physical
motion.1000164 motion%physical
motion.1000165 motion%physical
motion.1000166 motion%physical
motion.1000167 motion%physical
motion.1000168 motion%physical
motion.1000169 motion%physical
motion.1000182 motion%physical
motion.1000183 motion%physical
motion.1000180 motion%physical
motion.1000181 motion%physical
motion.1000186 motion%physical
motion.1000187 motion%physical
motion.1000184 motion%physical
motion.1000185 motion%physical
motion.1000188 motion%physical
motion.1000189 motion%physical

Accuracy: 73.6842105263%


Average Accuracy: 70.5905006418%
