Fold 0
Naive Bayes Add-One Smoothing

palm.1000029 palm%hand
palm.1000012 palm%hand
palm.1000038 palm%hand
palm.1000039 palm%hand
palm.1000018 palm%hand
palm.1000019 palm%hand
palm.1000014 palm%hand
palm.1000015 palm%hand
palm.1000016 palm%hand
palm.1000017 palm%hand
palm.1000010 palm%hand
palm.1000011 palm%hand
palm.1000034 palm%hand
palm.1000013 palm%hand
palm.1000028 palm%hand
palm.1000023 palm%hand
palm.1000022 palm%hand
palm.1000032 palm%hand
palm.1000033 palm%hand
palm.1000030 palm%hand
palm.1000031 palm%hand
palm.1000036 palm%hand
palm.1000035 palm%hand
palm.1000037 palm%hand
palm.1000025 palm%hand
palm.1000024 palm%hand
palm.1000027 palm%hand
palm.1000026 palm%hand
palm.1000021 palm%hand
palm.1000020 palm%hand
palm.1000009 palm%hand
palm.1000008 palm%hand
palm.1000007 palm%hand
palm.1000006 palm%hand
palm.1000005 palm%hand
palm.1000004 palm%hand
palm.1000003 palm%hand
palm.1000002 palm%hand
palm.1000001 palm%hand
palm.1000000 palm%hand

Accuracy: 65.0%

Fold 1
Naive Bayes Add-One Smoothing

palm.1000078 palm%hand
palm.1000079 palm%hand
palm.1000076 palm%hand
palm.1000077 palm%hand
palm.1000074 palm%hand
palm.1000075 palm%hand
palm.1000072 palm%hand
palm.1000073 palm%hand
palm.1000070 palm%hand
palm.1000071 palm%hand
palm.1000050 palm%hand
palm.1000051 palm%hand
palm.1000052 palm%hand
palm.1000053 palm%hand
palm.1000054 palm%hand
palm.1000055 palm%hand
palm.1000056 palm%hand
palm.1000057 palm%hand
palm.1000058 palm%hand
palm.1000059 palm%hand
palm.1000069 palm%hand
palm.1000068 palm%hand
palm.1000080 palm%hand
palm.1000061 palm%hand
palm.1000060 palm%hand
palm.1000063 palm%hand
palm.1000062 palm%hand
palm.1000065 palm%hand
palm.1000064 palm%hand
palm.1000067 palm%hand
palm.1000066 palm%hand
palm.1000043 palm%hand
palm.1000042 palm%hand
palm.1000041 palm%hand
palm.1000040 palm%hand
palm.1000047 palm%hand
palm.1000046 palm%hand
palm.1000045 palm%hand
palm.1000044 palm%hand
palm.1000049 palm%hand
palm.1000048 palm%hand

Accuracy: 73.1707317073%

Fold 2
Naive Bayes Add-One Smoothing

palm.1000094 palm%hand
palm.1000095 palm%hand
palm.1000104 palm%hand
palm.1000097 palm%hand
palm.1000102 palm%hand
palm.1000091 palm%hand
palm.1000092 palm%hand
palm.1000093 palm%hand
palm.1000120 palm%hand
palm.1000121 palm%hand
palm.1000098 palm%hand
palm.1000099 palm%hand
palm.1000108 palm%hand
palm.1000109 palm%hand
palm.1000111 palm%hand
palm.1000106 palm%hand
palm.1000100 palm%hand
palm.1000107 palm%hand
palm.1000096 palm%hand
palm.1000105 palm%hand
palm.1000090 palm%hand
palm.1000113 palm%hand
palm.1000114 palm%hand
palm.1000087 palm%hand
palm.1000110 palm%hand
palm.1000085 palm%hand
palm.1000084 palm%hand
palm.1000115 palm%hand
palm.1000082 palm%hand
palm.1000117 palm%hand
palm.1000086 palm%hand
palm.1000119 palm%hand
palm.1000118 palm%hand
palm.1000116 palm%hand
palm.1000089 palm%hand
palm.1000088 palm%hand
palm.1000101 palm%hand
palm.1000083 palm%hand
palm.1000112 palm%hand
palm.1000103 palm%hand
palm.1000081 palm%hand

Accuracy: 63.4146341463%

Fold 3
Naive Bayes Add-One Smoothing

palm.1000156 palm%hand
palm.1000151 palm%hand
palm.1000150 palm%hand
palm.1000153 palm%hand
palm.1000152 palm%hand
palm.1000128 palm%hand
palm.1000129 palm%hand
palm.1000122 palm%hand
palm.1000123 palm%hand
palm.1000124 palm%hand
palm.1000125 palm%hand
palm.1000126 palm%hand
palm.1000127 palm%hand
palm.1000142 palm%hand
palm.1000143 palm%hand
palm.1000140 palm%hand
palm.1000141 palm%hand
palm.1000146 palm%hand
palm.1000147 palm%hand
palm.1000144 palm%hand
palm.1000145 palm%hand
palm.1000160 palm%hand
palm.1000148 palm%hand
palm.1000149 palm%hand
palm.1000161 palm%hand
palm.1000162 palm%hand
palm.1000139 palm%hand
palm.1000138 palm%hand
palm.1000159 palm%hand
palm.1000158 palm%hand
palm.1000133 palm%hand
palm.1000132 palm%hand
palm.1000131 palm%hand
palm.1000130 palm%hand
palm.1000137 palm%hand
palm.1000136 palm%hand
palm.1000135 palm%hand
palm.1000134 palm%hand
palm.1000155 palm%hand
palm.1000154 palm%hand
palm.1000157 palm%hand

Accuracy: 80.487804878%

Fold 4
Naive Bayes Add-One Smoothing

palm.1000196 palm%hand
palm.1000197 palm%hand
palm.1000199 palm%hand
palm.1000198 palm%hand
palm.1000200 palm%hand
palm.1000164 palm%hand
palm.1000165 palm%hand
palm.1000166 palm%hand
palm.1000167 palm%hand
palm.1000188 palm%hand
palm.1000163 palm%hand
palm.1000186 palm%hand
palm.1000187 palm%hand
palm.1000184 palm%hand
palm.1000185 palm%hand
palm.1000182 palm%hand
palm.1000183 palm%hand
palm.1000180 palm%hand
palm.1000181 palm%hand
palm.1000189 palm%hand
palm.1000168 palm%hand
palm.1000169 palm%hand
palm.1000177 palm%tree
palm.1000176 palm%hand
palm.1000175 palm%hand
palm.1000174 palm%hand
palm.1000173 palm%hand
palm.1000172 palm%hand
palm.1000171 palm%hand
palm.1000170 palm%hand
palm.1000191 palm%hand
palm.1000190 palm%hand
palm.1000193 palm%hand
palm.1000192 palm%hand
palm.1000195 palm%hand
palm.1000194 palm%hand
palm.1000179 palm%hand
palm.1000178 palm%hand

Accuracy: 76.3157894737%


Average Accuracy: 71.6777920411%
