Fold 0
Naive Bayes Add-One Smoothing

tank.1000031 tank%container
tank.1000029 tank%container
tank.1000028 tank%container
tank.1000034 tank%container
tank.1000035 tank%container
tank.1000025 tank%container
tank.1000024 tank%container
tank.1000027 tank%container
tank.1000026 tank%container
tank.1000021 tank%container
tank.1000020 tank%container
tank.1000023 tank%container
tank.1000008 tank%container
tank.1000007 tank%container
tank.1000006 tank%container
tank.1000005 tank%container
tank.1000004 tank%container
tank.1000003 tank%container
tank.1000002 tank%container
tank.1000001 tank%container
tank.1000000 tank%container
tank.1000022 tank%container
tank.1000036 tank%container
tank.1000037 tank%container
tank.1000038 tank%container
tank.1000039 tank%container
tank.1000018 tank%container
tank.1000019 tank%container
tank.1000014 tank%container
tank.1000015 tank%container
tank.1000016 tank%container
tank.1000017 tank%container
tank.1000010 tank%container
tank.1000011 tank%container
tank.1000012 tank%container
tank.1000013 tank%container
tank.1000032 tank%container
tank.1000033 tank%container
tank.1000009 tank%container
tank.1000030 tank%container

Accuracy: 55.0%

Fold 1
Naive Bayes Add-One Smoothing

tank.1000069 tank%container
tank.1000068 tank%container
tank.1000080 tank%container
tank.1000061 tank%container
tank.1000060 tank%container
tank.1000063 tank%container
tank.1000062 tank%container
tank.1000065 tank%container
tank.1000064 tank%container
tank.1000067 tank%container
tank.1000066 tank%container
tank.1000043 tank%container
tank.1000042 tank%container
tank.1000041 tank%container
tank.1000040 tank%container
tank.1000047 tank%container
tank.1000046 tank%container
tank.1000045 tank%container
tank.1000044 tank%container
tank.1000049 tank%container
tank.1000048 tank%container
tank.1000078 tank%container
tank.1000079 tank%container
tank.1000076 tank%container
tank.1000077 tank%container
tank.1000074 tank%container
tank.1000075 tank%container
tank.1000072 tank%container
tank.1000073 tank%container
tank.1000070 tank%container
tank.1000071 tank%container
tank.1000050 tank%container
tank.1000051 tank%container
tank.1000052 tank%container
tank.1000053 tank%container
tank.1000054 tank%container
tank.1000055 tank%container
tank.1000056 tank%container
tank.1000057 tank%container
tank.1000058 tank%container
tank.1000059 tank%container

Accuracy: 68.2926829268%

Fold 2
Naive Bayes Add-One Smoothing

tank.1000092 tank%container
tank.1000093 tank%container
tank.1000111 tank%container
tank.1000086 tank%container
tank.1000085 tank%container
tank.1000084 tank%container
tank.1000083 tank%container
tank.1000082 tank%container
tank.1000081 tank%container
tank.1000116 tank%container
tank.1000119 tank%container
tank.1000118 tank%container
tank.1000112 tank%container
tank.1000089 tank%container
tank.1000088 tank%container
tank.1000114 tank%container
tank.1000115 tank%container
tank.1000117 tank%container
tank.1000094 tank%container
tank.1000095 tank%container
tank.1000096 tank%container
tank.1000105 tank%container
tank.1000090 tank%container
tank.1000103 tank%container
tank.1000100 tank%container
tank.1000101 tank%container
tank.1000120 tank%container
tank.1000121 tank%container
tank.1000098 tank%container
tank.1000099 tank%container
tank.1000108 tank%container
tank.1000109 tank%container
tank.1000110 tank%container
tank.1000106 tank%container
tank.1000107 tank%container
tank.1000104 tank%container
tank.1000097 tank%container
tank.1000087 tank%container
tank.1000102 tank%container
tank.1000113 tank%container
tank.1000091 tank%container

Accuracy: 78.0487804878%

Fold 3
Naive Bayes Add-One Smoothing

tank.1000155 tank%container
tank.1000139 tank%container
tank.1000138 tank%container
tank.1000159 tank%container
tank.1000158 tank%container
tank.1000154 tank%container
tank.1000133 tank%container
tank.1000132 tank%container
tank.1000131 tank%container
tank.1000130 tank%container
tank.1000137 tank%container
tank.1000136 tank%container
tank.1000135 tank%container
tank.1000134 tank%container
tank.1000156 tank%container
tank.1000157 tank%container
tank.1000151 tank%container
tank.1000150 tank%container
tank.1000153 tank%container
tank.1000152 tank%container
tank.1000128 tank%container
tank.1000129 tank%container
tank.1000160 tank%container
tank.1000122 tank%container
tank.1000123 tank%container
tank.1000124 tank%container
tank.1000125 tank%container
tank.1000126 tank%container
tank.1000127 tank%container
tank.1000142 tank%container
tank.1000143 tank%container
tank.1000140 tank%container
tank.1000141 tank%container
tank.1000146 tank%container
tank.1000147 tank%container
tank.1000162 tank%container
tank.1000145 tank%container
tank.1000148 tank%container
tank.1000149 tank%container
tank.1000161 tank%container
tank.1000144 tank%container

Accuracy: 82.9268292683%

Fold 4
Naive Bayes Add-One Smoothing

tank.1000168 tank%container
tank.1000183 tank%container
tank.1000197 tank%container
tank.1000196 tank%container
tank.1000177 tank%container
tank.1000176 tank%container
tank.1000175 tank%container
tank.1000174 tank%container
tank.1000173 tank%container
tank.1000172 tank%container
tank.1000171 tank%container
tank.1000170 tank%container
tank.1000191 tank%container
tank.1000190 tank%container
tank.1000193 tank%container
tank.1000192 tank%container
tank.1000195 tank%container
tank.1000194 tank%container
tank.1000179 tank%container
tank.1000178 tank%container
tank.1000199 tank%container
tank.1000198 tank%container
tank.1000200 tank%container
tank.1000164 tank%container
tank.1000165 tank%container
tank.1000166 tank%container
tank.1000167 tank%container
tank.1000188 tank%container
tank.1000189 tank%container
tank.1000186 tank%container
tank.1000187 tank%container
tank.1000184 tank%container
tank.1000185 tank%container
tank.1000182 tank%container
tank.1000169 tank%container
tank.1000180 tank%container
tank.1000181 tank%container
tank.1000163 tank%container

Accuracy: 26.3157894737%


Average Accuracy: 62.1168164313%
